<?xml version="1.0" encoding="UTF-8"?>
<testng-results skipped="0" failed="0" total="1" passed="1">
  <reporter-output>
  </reporter-output>
  <suite name="Surefire suite" duration-ms="6866" started-at="2016-12-28T15:58:09Z" finished-at="2016-12-28T15:58:16Z">
    <groups>
    </groups>
    <test name="Surefire test" duration-ms="6866" started-at="2016-12-28T15:58:09Z" finished-at="2016-12-28T15:58:16Z">
      <class name="com.org.learningMaven.HelloWorldTest">
        <test-method status="PASS" signature="TestMethodSample()[pri:0, instance:com.org.learningMaven.HelloWorldTest@668bc3d5]" name="TestMethodSample" duration-ms="6857" started-at="2016-12-28T21:28:09Z" finished-at="2016-12-28T21:28:16Z">
          <reporter-output>
          </reporter-output>
        </test-method> <!-- TestMethodSample -->
      </class> <!-- com.org.learningMaven.HelloWorldTest -->
    </test> <!-- Surefire test -->
  </suite> <!-- Surefire suite -->
</testng-results>
