<?xml version="1.0" encoding="UTF-8"?>
<testng-results skipped="0" failed="0" total="1" passed="1">
  <reporter-output>
  </reporter-output>
  <suite name="sample suite" duration-ms="9580" started-at="2016-12-28T14:43:48Z" finished-at="2016-12-28T14:43:57Z">
    <groups>
    </groups>
    <test name="sample test" duration-ms="9580" started-at="2016-12-28T14:43:48Z" finished-at="2016-12-28T14:43:57Z">
      <class name="com.org.learningMaven.HelloWorldTest">
        <test-method status="PASS" signature="TestMethodSample()[pri:0, instance:com.org.learningMaven.HelloWorldTest@482f8f11]" name="TestMethodSample" duration-ms="9567" started-at="2016-12-28T20:13:48Z" finished-at="2016-12-28T20:13:57Z">
          <reporter-output>
          </reporter-output>
        </test-method> <!-- TestMethodSample -->
      </class> <!-- com.org.learningMaven.HelloWorldTest -->
    </test> <!-- sample test -->
  </suite> <!-- sample suite -->
</testng-results>
